0 info it worked if it ends with ok
1 verbose cli [ 'C:\\Program Files\\nodejs\\node.exe',
1 verbose cli   'C:\\Users\\eric.leitzel\\AppData\\Roaming\\npm\\node_modules\\npm\\bin\\npm-cli.js',
1 verbose cli   'test' ]
2 info using npm@3.10.9
3 info using node@v4.4.4
4 verbose run-script [ 'pretest', 'test', 'posttest' ]
5 info lifecycle movie-app@1.0.0~pretest: movie-app@1.0.0
6 silly lifecycle movie-app@1.0.0~pretest: no script for pretest, continuing
7 info lifecycle movie-app@1.0.0~test: movie-app@1.0.0
8 verbose lifecycle movie-app@1.0.0~test: unsafe-perm in lifecycle true
9 verbose lifecycle movie-app@1.0.0~test: PATH: C:\Users\eric.leitzel\AppData\Roaming\npm\node_modules\npm\bin\node-gyp-bin;C:\Users\eric.leitzel\Documents\movie-app\node_modules\.bin;C:\ProgramData\Oracle\Java\javapath;C:\windows\system32;C:\windows;C:\windows\System32\Wbem;C:\windows\System32\WindowsPowerShell\v1.0\;C:\Program Files (x86)\Interactive Intelligence\ININ Trace Initialization\;C:\Program Files (x86)\Windows Kits\8.1\Windows Performance Toolkit\;C:\Program Files\Microsoft SQL Server\110\Tools\Binn\;C:\Users\eric.leitzel\bin\;C:\wamp\bin\php\php5.5.12\;C:\Program Files\nodejs\;C:\Program Files (x86)\Microsoft SDKs\TypeScript\1.0\;C:\Program Files\Microsoft SQL Server\120\Tools\Binn\;C:\Program Files\Microsoft SQL Server\130\Tools\Binn\;C:\Program Files\Git\cmd;C:\Program Files\Microsoft\Web Platform Installer\;C:\Program Files\dotnet\;C:\Program Files\curl-7.52.1\usr\bin\;C:\Program Files (x86)\Interactive Intelligence\ICUserApps\;C:\Program Files\Interactive Intelligence\ICUserApps\;C:\Ruby22-x64\bin;C:\Ruby21\bin;C:\Program Files (x86)\Microsoft VS Code\bin;C:\Users\eric.leitzel\AppData\Roaming\npm
10 verbose lifecycle movie-app@1.0.0~test: CWD: C:\Users\eric.leitzel\Documents\movie-app
11 silly lifecycle movie-app@1.0.0~test: Args: [ '/d /s /c', 'karma start karma.conf.js' ]
12 silly lifecycle movie-app@1.0.0~test: Returned: code: 3221225786  signal: null
13 info lifecycle movie-app@1.0.0~test: Failed to exec test script
14 error Test failed.  See above for more details.
15 verbose exit [ 1, true ]
16 verbose stack Error: kill ENOSYS
16 verbose stack     at exports._errnoException (util.js:870:11)
16 verbose stack     at process.kill (node.js:777:15)
16 verbose stack     at process.listener (C:\Users\eric.leitzel\AppData\Roaming\npm\node_modules\npm\node_modules\npmlog\node_modules\gauge\node_modules\signal-exit\index.js:86:15)
16 verbose stack     at emitNone (events.js:72:20)
16 verbose stack     at process.emit (events.js:166:7)
16 verbose stack     at processEmit (C:\Users\eric.leitzel\AppData\Roaming\npm\node_modules\npm\node_modules\npmlog\node_modules\gauge\node_modules\signal-exit\index.js:146:32)
16 verbose stack     at processEmit (C:\Users\eric.leitzel\AppData\Roaming\npm\node_modules\npm\node_modules\npm-registry-client\node_modules\npmlog\node_modules\gauge\node_modules\signal-exit\index.js:146:32)
16 verbose stack     at Signal.wrap.onsignal (node.js:804:46)
17 verbose cwd C:\Users\eric.leitzel\Documents\movie-app
18 error Windows_NT 6.3.9600
19 error argv "C:\\Program Files\\nodejs\\node.exe" "C:\\Users\\eric.leitzel\\AppData\\Roaming\\npm\\node_modules\\npm\\bin\\npm-cli.js" "test"
20 error node v4.4.4
21 error npm  v3.10.9
22 error code ENOSYS
23 error errno ENOSYS
24 error syscall kill
25 error kill ENOSYS
26 error If you need help, you may report this error at:
26 error     <https://github.com/npm/npm/issues>
27 verbose exit [ 1, true ]
